[3.804s] Invoking command in '/home/kingpooper/deepRacerWS/build/slam_toolbox': CMAKE_PREFIX_PATH=${CMAKE_PREFIX_PATH}:/home/kingpooper/deepRacerWS/install/tape:/home/kingpooper/deepRacerWS/install/ros2_pca9685:/home/kingpooper/deepRacerWS/install/control:/opt/ros/humble /usr/bin/cmake /home/kingpooper/deepRacerWS/src/slam_toolbox -DAMENT_CMAKE_SYMLINK_INSTALL=1 -DCMAKE_INSTALL_PREFIX=/home/kingpooper/deepRacerWS/install/slam_toolbox
[5.406s] -- The C compiler identification is GNU 11.4.0
[6.394s] -- The CXX compiler identification is GNU 11.4.0
[6.500s] -- Detecting C compiler ABI info
[7.195s] -- Detecting C compiler ABI info - done
[7.231s] -- Check for working C compiler: /usr/bin/cc - skipped
[7.235s] -- Detecting C compile features
[7.239s] -- Detecting C compile features - done
[7.273s] -- Detecting CXX compiler ABI info
[8.034s] -- Detecting CXX compiler ABI info - done
[8.110s] -- Check for working CXX compiler: /usr/bin/c++ - skipped
[8.113s] -- Detecting CXX compile features
[8.117s] -- Detecting CXX compile features - done
[8.253s] -- Found ament_cmake: 1.3.11 (/opt/ros/humble/share/ament_cmake/cmake)
[10.153s] -- Found Python3: /usr/bin/python3 (found version "3.10.12") found components: Interpreter 
[11.076s] -- Override CMake install command with custom implementation using symlinks instead of copying resources
[12.079s] -- Found message_filters: 4.3.5 (/opt/ros/humble/share/message_filters/cmake)
[13.314s] -- Found rosidl_generator_c: 3.1.6 (/opt/ros/humble/share/rosidl_generator_c/cmake)
[13.459s] -- Found rosidl_adapter: 3.1.6 (/opt/ros/humble/share/rosidl_adapter/cmake)
[13.618s] -- Found rosidl_generator_cpp: 3.1.6 (/opt/ros/humble/share/rosidl_generator_cpp/cmake)
[13.935s] -- Using all available rosidl_typesupport_c: rosidl_typesupport_fastrtps_c;rosidl_typesupport_introspection_c
[14.272s] -- Using all available rosidl_typesupport_cpp: rosidl_typesupport_fastrtps_cpp;rosidl_typesupport_introspection_cpp
[14.869s] -- Found rmw_implementation_cmake: 6.1.2 (/opt/ros/humble/share/rmw_implementation_cmake/cmake)
[14.923s] -- Found rmw_fastrtps_cpp: 6.2.7 (/opt/ros/humble/share/rmw_fastrtps_cpp/cmake)
[15.830s] -- Found OpenSSL: /usr/lib/aarch64-linux-gnu/libcrypto.so (found version "3.0.2")  
[16.414s] -- Found FastRTPS: /opt/ros/humble/include  
[17.225s] -- Using RMW implementation 'rmw_fastrtps_cpp' as default
[17.404s] -- Looking for pthread.h
[18.158s] -- Looking for pthread.h - found
[18.160s] -- Performing Test CMAKE_HAVE_LIBC_PTHREAD
[18.987s] -- Performing Test CMAKE_HAVE_LIBC_PTHREAD - Success
[18.994s] -- Found Threads: TRUE  
[19.926s] -- Found nav_msgs: 4.2.4 (/opt/ros/humble/share/nav_msgs/cmake)
[20.442s] -- Found sensor_msgs: 4.2.4 (/opt/ros/humble/share/sensor_msgs/cmake)
[20.697s] -- Found tf2: 0.25.12 (/opt/ros/humble/share/tf2/cmake)
[21.136s] -- Found tf2_ros: 0.25.12 (/opt/ros/humble/share/tf2_ros/cmake)
[22.962s] -- Found visualization_msgs: 4.2.4 (/opt/ros/humble/share/visualization_msgs/cmake)
[23.288s] -- Found pluginlib: 5.1.0 (/opt/ros/humble/share/pluginlib/cmake)
[23.679s] -- Found tf2_geometry_msgs: 0.25.12 (/opt/ros/humble/share/tf2_geometry_msgs/cmake)
[24.060s] -- Found eigen3_cmake_module: 0.1.1 (/opt/ros/humble/share/eigen3_cmake_module/cmake)
[24.069s] -- Found Eigen3: TRUE (found version "3.4.0") 
[24.071s] -- Ensuring Eigen3 include directory is part of orocos-kdl CMake target
[24.110s] -- Found tf2_sensor_msgs: 0.25.12 (/opt/ros/humble/share/tf2_sensor_msgs/cmake)
[24.166s] -- Found std_srvs: 4.2.4 (/opt/ros/humble/share/std_srvs/cmake)
[24.267s] -- Found rosidl_default_generators: 1.2.0 (/opt/ros/humble/share/rosidl_default_generators/cmake)
[24.393s] -- Found lifecycle_msgs: 1.2.1 (/opt/ros/humble/share/lifecycle_msgs/cmake)
[24.516s] -- Found bondcpp: 4.1.2 (/opt/ros/humble/share/bondcpp/cmake)
[24.893s] -- Found rviz_common: 11.2.16 (/opt/ros/humble/share/rviz_common/cmake)
[25.147s] -- Setting assimp_DIR to: '/opt/ros/humble/share/rviz_assimp_vendor/cmake/../../../opt/rviz_assimp_vendor/lib/cmake/assimp-4.1'
[25.279s] -- Setting OGRE_DIR to: '/opt/ros/humble/share/rviz_ogre_vendor/cmake/../../../opt/rviz_ogre_vendor/lib/OGRE/cmake'
[25.305s] -- Found OGRE
[25.306s] --   static     : OFF
[25.308s] --   components : HLMS;MeshLodGenerator;Overlay;Paging;Property;RTShaderSystem;Terrain;Volume
[25.310s] --   plugins    : Plugin_BSPSceneManager;Plugin_OctreeSceneManager;Plugin_PCZSceneManager;Plugin_ParticleFX;RenderSystem_GL;RenderSystem_GL3Plus;Codec_STBI
[25.312s] --   media      : /opt/ros/humble/opt/rviz_ogre_vendor/share/OGRE/Media
[25.315s] -- OGRE_LIBRARIES: OgreHLMS;OgreMeshLodGenerator;OgreOverlay;OgrePaging;OgreProperty;OgreRTShaderSystem;OgreTerrain;OgreVolume;OgreMain
[25.317s] -- OGRE_LIBRARY_DIRS: /opt/ros/humble/opt/rviz_ogre_vendor/lib
[25.319s] -- OGRE_PLUGINS: Plugin_BSPSceneManager;Plugin_OctreeSceneManager;Plugin_PCZSceneManager;Plugin_ParticleFX;RenderSystem_GL;RenderSystem_GL3Plus;Codec_STBI
[25.321s] -- OGRE_PLUGIN_DIR: /opt/ros/humble/opt/rviz_ogre_vendor/lib/OGRE
[25.325s] -- rviz_ogre_vendor::OgreOverlay for IMPORTED_LOCATION_RELEASE: /opt/ros/humble/opt/rviz_ogre_vendor/lib/libOgreOverlay.so
[25.326s] -- rviz_ogre_vendor::OgreOverlay for IMPORTED_LOCATION_DEBUG: /opt/ros/humble/opt/rviz_ogre_vendor/lib/libOgreOverlay.so
[25.328s] -- rviz_ogre_vendor::OgreMain for IMPORTED_LOCATION_RELEASE: /opt/ros/humble/opt/rviz_ogre_vendor/lib/libOgreMain.so
[25.329s] -- rviz_ogre_vendor::OgreMain for IMPORTED_LOCATION_DEBUG: /opt/ros/humble/opt/rviz_ogre_vendor/lib/libOgreMain.so
[25.335s] -- Could not find freeimage library
[25.444s] -- Found ZLIB: /usr/lib/aarch64-linux-gnu/libz.so (found version "1.2.11") 
[25.479s] -- Found OpenGL: /usr/lib/aarch64-linux-gnu/libOpenGL.so   
[26.343s] -- Found X11: /usr/include   
[26.354s] -- Looking for XOpenDisplay in /usr/lib/aarch64-linux-gnu/libX11.so;/usr/lib/aarch64-linux-gnu/libXext.so
[26.788s] -- Looking for XOpenDisplay in /usr/lib/aarch64-linux-gnu/libX11.so;/usr/lib/aarch64-linux-gnu/libXext.so - found
[26.790s] -- Looking for gethostbyname
[27.239s] -- Looking for gethostbyname - found
[27.240s] -- Looking for connect
[27.677s] -- Looking for connect - found
[27.679s] -- Looking for remove
[28.102s] -- Looking for remove - found
[28.104s] -- Looking for shmat
[28.509s] -- Looking for shmat - found
[28.510s] -- Looking for IceConnectionNumber in ICE
[28.939s] -- Looking for IceConnectionNumber in ICE - found
[29.577s] -- library: /usr/lib/aarch64-linux-gnu/libcurl.so
[29.906s] -- Found rviz_default_plugins: 11.2.16 (/opt/ros/humble/share/rviz_default_plugins/cmake)
[30.738s] -- Found Boost: /usr/lib/aarch64-linux-gnu/cmake/Boost-1.74.0/BoostConfig.cmake (found version "1.74.0") found components: system serialization filesystem thread 
[30.829s] -- Found PkgConfig: /usr/bin/pkg-config (found version "0.29.2") 
[30.876s] -- Found CHOLMOD: /usr/include/suitesparse  
[30.893s] -- Found CSparse: /usr/include/suitesparse  
[31.128s] -- Looking for sgemm_
[32.014s] -- Looking for sgemm_ - not found
[32.259s] -- Looking for sgemm_
[32.655s] -- Looking for sgemm_ - found
[32.657s] -- Found BLAS: /usr/lib/aarch64-linux-gnu/libblas.so  
[32.667s] -- Looking for cheev_
[33.064s] -- Looking for cheev_ - not found
[33.118s] -- Looking for cheev_
[33.408s] -- Looking for cheev_ - not found
[33.413s] -- Looking for cheev_
[33.867s] -- Looking for cheev_ - found
[33.868s] -- Found LAPACK: /usr/lib/aarch64-linux-gnu/liblapack.so;/usr/lib/aarch64-linux-gnu/libblas.so  
[33.919s] -- Found required Ceres dependency: Eigen version 3.4.0 in /usr/include/eigen3
[34.007s] -- Found required Ceres dependency: glog
[34.010s] -- Found required Ceres dependency: gflags
[34.016s] -- Found Ceres version: 2.0.0 installed in: /usr with components: [EigenSparse, SparseLinearAlgebraLibrary, LAPACK, SuiteSparse, CXSparse, SchurSpecializations, Multithreading]
[36.447s] -- Found ament_cmake_ros: 0.10.0 (/opt/ros/humble/share/ament_cmake_ros/cmake)
[39.116s] -- Using all available rosidl_typesupport_c: rosidl_typesupport_fastrtps_c;rosidl_typesupport_introspection_c
[40.128s] -- Using all available rosidl_typesupport_cpp: rosidl_typesupport_fastrtps_cpp;rosidl_typesupport_introspection_cpp
[40.257s] -- Found PythonInterp: /usr/bin/python3 (found suitable version "3.10.12", minimum required is "3.6") 
[40.290s] -- Found python_cmake_module: 0.10.0 (/opt/ros/humble/share/python_cmake_module/cmake)
[40.433s] -- Found PythonLibs: /usr/lib/aarch64-linux-gnu/libpython3.10.so (found suitable version "3.10.12", minimum required is "3.5") 
[40.434s] -- Using PYTHON_EXECUTABLE: /usr/bin/python3
[40.434s] -- Using PYTHON_INCLUDE_DIRS: /usr/include/python3.10
[40.434s] -- Using PYTHON_LIBRARIES: /usr/lib/aarch64-linux-gnu/libpython3.10.so
[40.552s] -- Found PythonExtra: .so  
[41.232s] -- Configuring done
[43.438s] -- Generating done
[43.730s] -- Build files have been written to: /home/kingpooper/deepRacerWS/build/slam_toolbox
[43.851s] Invoked command in '/home/kingpooper/deepRacerWS/build/slam_toolbox' returned '0': CMAKE_PREFIX_PATH=${CMAKE_PREFIX_PATH}:/home/kingpooper/deepRacerWS/install/tape:/home/kingpooper/deepRacerWS/install/ros2_pca9685:/home/kingpooper/deepRacerWS/install/control:/opt/ros/humble /usr/bin/cmake /home/kingpooper/deepRacerWS/src/slam_toolbox -DAMENT_CMAKE_SYMLINK_INSTALL=1 -DCMAKE_INSTALL_PREFIX=/home/kingpooper/deepRacerWS/install/slam_toolbox
[43.862s] Invoking command in '/home/kingpooper/deepRacerWS/build/slam_toolbox': CMAKE_PREFIX_PATH=${CMAKE_PREFIX_PATH}:/home/kingpooper/deepRacerWS/install/tape:/home/kingpooper/deepRacerWS/install/ros2_pca9685:/home/kingpooper/deepRacerWS/install/control:/opt/ros/humble /usr/bin/cmake --build /home/kingpooper/deepRacerWS/build/slam_toolbox -- -j4 -l4
[44.127s] [35m[1mConsolidate compiler generated dependencies of target kartoSlamToolbox[0m
[44.134s] [35m[1mConsolidate compiler generated dependencies of target slam_toolbox__rosidl_generator_c[0m
[44.150s] failed to create symbolic link '/home/kingpooper/deepRacerWS/build/slam_toolbox/ament_cmake_python/slam_toolbox/slam_toolbox' because existing path cannot be removed: Is a directory
[44.154s] gmake[2]: *** [CMakeFiles/ament_cmake_python_symlink_slam_toolbox.dir/build.make:70: CMakeFiles/ament_cmake_python_symlink_slam_toolbox] Error 1
[44.155s] gmake[1]: *** [CMakeFiles/Makefile2:467: CMakeFiles/ament_cmake_python_symlink_slam_toolbox.dir/all] Error 2
[44.155s] gmake[1]: *** Waiting for unfinished jobs....
[44.170s] [  0%] Built target slam_toolbox__cpp
[44.219s] [  9%] Built target slam_toolbox__rosidl_generator_c
[44.497s] [  9%] [32m[1mLinking CXX shared library libkartoSlamToolbox.so[0m
[47.013s] [ 11%] Built target kartoSlamToolbox
[47.021s] gmake: *** [Makefile:146: all] Error 2
[47.028s] Invoked command in '/home/kingpooper/deepRacerWS/build/slam_toolbox' returned '2': CMAKE_PREFIX_PATH=${CMAKE_PREFIX_PATH}:/home/kingpooper/deepRacerWS/install/tape:/home/kingpooper/deepRacerWS/install/ros2_pca9685:/home/kingpooper/deepRacerWS/install/control:/opt/ros/humble /usr/bin/cmake --build /home/kingpooper/deepRacerWS/build/slam_toolbox -- -j4 -l4
